12/30/2015 14:35:22 Guardião Itaú Unibanco, versão 1.4.0.0. Descrição do processo de instalação do Guardião. As informações contidas nesse documento poderão ser solicitadas pela central de atendimento caso ocorra um erro no processo de instalação. A exclusão desse documento não acarreta nenhum problema de performance na sua máquina.
12/30/2015 14:35:22 1.4.0.0
12/30/2015 14:35:22 Usuário: TIAGO(Administrador)
12/30/2015 14:35:22 Versão do Sistema Operacional: 6.1.7601
12/30/2015 14:35:22 64 Bits: true
12/30/2015 14:35:22 UAC: Ativado
12/30/2015 14:35:23 Verificando se Firefox está instalado...
12/30/2015 14:35:23 Firefox instalado, ajustando configurações necessárias...
12/30/2015 14:35:23 [Funcionamento do Guardião] Verificando...
12/30/2015 14:35:23 [Funcionamento do Guardião] Guardião não existe, será instalado.
12/30/2015 14:35:23 [Funcionamento do Guardião] Ok.
12/30/2015 14:35:23 [Configurações gerais] Verificando...
12/30/2015 14:35:23 [Configurações gerais] Ok.
12/30/2015 14:35:23 [Configurações gerais] Verificando...
12/30/2015 14:35:23 [Configurações gerais] Ok.
12/30/2015 14:35:23 [Configurações gerais] Verificando...
12/30/2015 14:35:23 [Configurações gerais] Ok.
12/30/2015 14:35:23 [Configurações gerais] Verificando...
12/30/2015 14:35:23 [Configurações gerais] Ok.
12/30/2015 14:35:23 [Instalação do Guardião] Verificando...
12/30/2015 14:35:24 [Instalação do Guardião] Efetuando download ...
12/30/2015 14:35:30 [Instalação do Guardião] Instalando...
12/30/2015 14:35:40 [Instalação do Guardião] Ok.
12/30/2015 14:35:40 [Verificando permissões] Verificando...
12/30/2015 14:35:40 [Verificando permissões] Ok.
12/30/2015 14:35:40 [Configurações gerais] Verificando...
12/30/2015 14:35:43 [Configurações gerais] Limpando...
12/30/2015 14:35:43 [Configurações gerais] Ok.
12/30/2015 14:35:43 [Instalação do Guardião para Internet Explorer] Verificando...
12/30/2015 14:35:43 [Instalação do Guardião para Internet Explorer] Efetuando download ...
12/30/2015 14:35:58 [Instalação do Guardião para Internet Explorer] Instalando...
12/30/2015 14:37:20 [Instalação do Guardião para Internet Explorer] Ok.
12/30/2015 14:37:20 [Configurações gerais] Verificando...
12/30/2015 14:37:20 [Configurações gerais] Ok.
12/30/2015 14:37:20 [Configurações gerais] Verificando url(s) dos domínios confiáveis...
12/30/2015 14:37:20 [Configurações gerais] Ok.
12/30/2015 14:37:20 [Ativação do Guardião para Internet Explorer] Verificando...
12/30/2015 14:37:20 [Ativação do Guardião para Internet Explorer] Ok.
12/30/2015 14:37:20 [Instalação do Guardião para os demais navegadores] Verificando...
12/30/2015 14:37:20 [Instalação do Guardião para os demais navegadores] Efetuando download ...
12/30/2015 14:37:34 [Instalação do Guardião para os demais navegadores] Instalando...
12/30/2015 14:41:07 [Instalação do Guardião para os demais navegadores] Ok.
12/30/2015 14:41:07 [Instalando certificado do Guardião] Verificando...
12/30/2015 14:41:07 [Instalando certificado do Guardião] Instalando...
12/30/2015 14:41:08 [Instalando certificado do Guardião] Ok.
12/30/2015 14:41:08 CONCLUÍDO.
