0 info it worked if it ends with ok
1 verbose cli [ 'C:\\Program Files\\nodejs\\node.exe',
1 verbose cli   'C:\\Program Files\\nodejs\\node_modules\\npm\\bin\\npm-cli.js',
1 verbose cli   'start' ]
2 info using npm@3.3.12
3 info using node@v5.4.1
4 verbose run-script [ 'prestart', 'start', 'poststart' ]
5 info lifecycle admin-mongo@0.0.3~prestart: admin-mongo@0.0.3
6 silly lifecycle admin-mongo@0.0.3~prestart: no script for prestart, continuing
7 info lifecycle admin-mongo@0.0.3~start: admin-mongo@0.0.3
8 verbose lifecycle admin-mongo@0.0.3~start: unsafe-perm in lifecycle true
9 verbose lifecycle admin-mongo@0.0.3~start: PATH: C:\Program Files\nodejs\node_modules\npm\bin\node-gyp-bin;D:\Codigo Fonte\salus\src\MongoAdmin\node_modules\.bin;D:\oracle\product\10.2.0\client_1\bin;C:\ProgramData\Oracle\Java\javapath;c:\oracle\product\11.2.0\client_1\bin;C:\Windows\system32;C:\Windows;C:\Windows\System32\Wbem;C:\Windows\System32\WindowsPowerShell\v1.0\;C:\Program Files (x86)\Microsoft ASP.NET\ASP.NET Web Pages\v1.0\;C:\LEADCMD;C:\LEADCMD\Bin;C:\Program Files\Internet Explorer;C:\Program Files\Microsoft\Web Platform Installer\;C:\Program Files\TortoiseSVN\bin;C:\Program Files (x86)\GtkSharp\2.12\bin;C:\Program Files (x86)\Git\cmd;C:\Program Files (x86)\Microsoft SQL Server\100\Tools\Binn\VSShell\Common7\IDE\;C:\Program Files (x86)\Microsoft SQL Server\100\Tools\Binn\;C:\Program Files\Microsoft SQL Server\100\Tools\Binn\;C:\Program Files (x86)\Microsoft SQL Server\100\DTS\Binn\;C:\Program Files\nodejs\;C:\Program Files (x86)\Microsoft SQL Server\110\Tools\Binn\;C:\Program Files\Microsoft SQL Server\110\Tools\Binn\;C:\Program Files\Microsoft SQL Server\110\DTS\Binn\;C:\Program Files (x86)\Microsoft SQL Server\110\Tools\Binn\ManagementStudio\;C:\Program Files (x86)\Microsoft SQL Server\110\DTS\Binn\;C:\Program Files\MongoDB\Server\3.2\bin;C:\Program Files\TortoiseGit\bin;C:\Users\TIAGO\.dnx\bin;C:\Program Files (x86)\SSH Communications Security\SSH Secure Shell;C:\Users\TIAGO\AppData\Roaming\npm;C:\Program Files\MongoDB\Server\3.2\bin
10 verbose lifecycle admin-mongo@0.0.3~start: CWD: D:\Codigo Fonte\salus\src\MongoAdmin
11 silly lifecycle admin-mongo@0.0.3~start: Args: [ '/d /s /c', 'node app.js' ]
12 silly lifecycle admin-mongo@0.0.3~start: Returned: code: 1  signal: null
13 info lifecycle admin-mongo@0.0.3~start: Failed to exec start script
14 verbose stack Error: admin-mongo@0.0.3 start: `node app.js`
14 verbose stack Exit status 1
14 verbose stack     at EventEmitter.<anonymous> (C:\Program Files\nodejs\node_modules\npm\lib\utils\lifecycle.js:232:16)
14 verbose stack     at emitTwo (events.js:87:13)
14 verbose stack     at EventEmitter.emit (events.js:172:7)
14 verbose stack     at ChildProcess.<anonymous> (C:\Program Files\nodejs\node_modules\npm\lib\utils\spawn.js:24:14)
14 verbose stack     at emitTwo (events.js:87:13)
14 verbose stack     at ChildProcess.emit (events.js:172:7)
14 verbose stack     at maybeClose (internal/child_process.js:821:16)
14 verbose stack     at Process.ChildProcess._handle.onexit (internal/child_process.js:211:5)
15 verbose pkgid admin-mongo@0.0.3
16 verbose cwd D:\Codigo Fonte\salus\src\MongoAdmin
17 error Windows_NT 6.1.7601
18 error argv "C:\\Program Files\\nodejs\\node.exe" "C:\\Program Files\\nodejs\\node_modules\\npm\\bin\\npm-cli.js" "start"
19 error node v5.4.1
20 error npm  v3.3.12
21 error code ELIFECYCLE
22 error admin-mongo@0.0.3 start: `node app.js`
22 error Exit status 1
23 error Failed at the admin-mongo@0.0.3 start script 'node app.js'.
23 error Make sure you have the latest version of node.js and npm installed.
23 error If you do, this is most likely a problem with the admin-mongo package,
23 error not with npm itself.
23 error Tell the author that this fails on your system:
23 error     node app.js
23 error You can get their info via:
23 error     npm owner ls admin-mongo
23 error There is likely additional logging output above.
24 verbose exit [ 1, true ]
